<?xml version="1.0" encoding="UTF-8"?>
<!-- Generated by org.testng.reporters.JUnitReportReporter -->
<testsuite hostname="DESKTOP-6AVJUVR" failures="0" tests="2" name="TBtest.Login_test" time="0.516" errors="0" timestamp="2024-12-16T12:23:48 IST" skipped="0">
  <testcase classname="TBtest.Login_test" name="googlelogotest" time="0.295"/>
  <system-out/>
  <testcase classname="TBtest.Login_test" name="googleTitletest" time="0.221"/>
  <system-out/>
</testsuite> <!-- TBtest.Login_test -->
